INFO  2025-09-02 14:34:03,461 serena.cli:health_check:550 - Starting health check for project: C:\Users\81906\Documents\app\console\climb-you-main\climb-you-main
INFO  2025-09-02 14:34:03,461 serena.cli:health_check:554 - Creating SerenaAgent with disabled dashboard...
INFO  2025-09-02 14:34:04,010 serena.agent:__init__:198 - Starting Serena server (version=0.1.4-ec900556-dirty, process id=32308, parent process id=47000)
INFO  2025-09-02 14:34:04,011 serena.agent:__init__:199 - Configuration file: None
INFO  2025-09-02 14:34:04,011 serena.agent:__init__:200 - Available projects: 
INFO  2025-09-02 14:34:04,011 serena.agent:__init__:201 - Loaded tools (36): read_file, create_text_file, list_dir, find_file, replace_regex, delete_lines, replace_lines, insert_at_line, search_for_pattern, restart_language_server, get_symbols_overview, find_symbol, find_referencing_symbols, replace_symbol_body, insert_after_symbol, insert_before_symbol, write_memory, read_memory, list_memories, delete_memory, execute_shell_command, activate_project, remove_project, switch_modes, get_current_config, check_onboarding_performed, onboarding, think_about_collected_information, think_about_task_adherence, think_about_whether_you_are_done, summarize_changes, prepare_for_new_conversation, initial_instructions, jet_brains_find_symbol, jet_brains_find_referencing_symbols, jet_brains_get_symbols_overview
INFO  2025-09-02 14:34:04,011 serena.config.serena_config:apply:106 - SerenaAgentContext[name='desktop-app'] included 1 tools: switch_modes
INFO  2025-09-02 14:34:04,015 serena.agent:__init__:215 - Number of exposed tools: 25
INFO  2025-09-02 14:34:04,082 serena.agent:_update_active_tools:397 - Active tools (25): activate_project, check_onboarding_performed, create_text_file, delete_memory, execute_shell_command, find_file, find_referencing_symbols, find_symbol, get_symbols_overview, insert_after_symbol, insert_before_symbol, list_dir, list_memories, onboarding, prepare_for_new_conversation, read_file, read_memory, replace_regex, replace_symbol_body, search_for_pattern, switch_modes, think_about_collected_information, think_about_task_adherence, think_about_whether_you_are_done, write_memory
INFO  2025-09-02 14:34:04,096 serena.util.file_system:start:329 - Loading of .gitignore files starting ...
INFO  2025-09-02 14:34:04,097 serena.util.file_system:_load_gitignore_files:143 - Processing .gitignore file: C:\Users\81906\Documents\app\console\climb-you-main\climb-you-main\.gitignore
INFO  2025-09-02 14:34:04,099 serena.util.file_system:_load_gitignore_files:143 - Processing .gitignore file: C:\Users\81906\Documents\app\console\climb-you-main\climb-you-main\.serena\.gitignore
INFO  2025-09-02 14:34:04,117 serena.util.file_system:stop:336 - Loading of .gitignore files completed in 0.021 seconds
INFO  2025-09-02 14:34:04,119 serena.agent:load_project_from_path_or_name:472 - Added new project climb-you-main for path C:\Users\81906\Documents\app\console\climb-you-main\climb-you-main
INFO  2025-09-02 14:34:04,119 serena.agent:_activate_project:437 - Activating climb-you-main at C:\Users\81906\Documents\app\console\climb-you-main\climb-you-main
INFO  2025-09-02 14:34:04,119 serena.agent:_update_active_tools:397 - Active tools (25): activate_project, check_onboarding_performed, create_text_file, delete_memory, execute_shell_command, find_file, find_referencing_symbols, find_symbol, get_symbols_overview, insert_after_symbol, insert_before_symbol, list_dir, list_memories, onboarding, prepare_for_new_conversation, read_file, read_memory, replace_regex, replace_symbol_body, search_for_pattern, switch_modes, think_about_collected_information, think_about_task_adherence, think_about_whether_you_are_done, write_memory
INFO  2025-09-02 14:34:04,121 serena.agent:issue_task:416 - Scheduling Task-1[init_language_server]
INFO  2025-09-02 14:34:04,123 serena.agent:start:329 - Task-1[init_language_server] starting ...
INFO  2025-09-02 14:34:04,123 serena.cli:health_check:557 - SerenaAgent created successfully
INFO  2025-09-02 14:34:04,123 serena.agent:start:329 - Language server initialization starting ...
INFO  2025-09-02 14:34:04,124 serena.cli:health_check:560 - Searching for analyzable files...
INFO  2025-09-02 14:34:04,124 serena.project:create_language_server:299 - Creating language server instance for C:\Users\81906\Documents\app\console\climb-you-main\climb-you-main.
INFO  2025-09-02 14:34:04,213 serena.cli:health_check:569 - Found analyzable file: App.tsx
INFO  2025-09-02 14:34:04,213 serena.cli:health_check:587 - Testing GetSymbolsOverviewTool on file: App.tsx
INFO  2025-09-02 14:34:04,213 serena.agent:issue_task:416 - Scheduling Task-2[<lambda>]
INFO  2025-09-02 14:34:05,210 serena.agent:reset_language_server:589 - Starting the language server for climb-you-main
INFO  2025-09-02 14:34:05,212 solidlsp:start:1723 - Starting language server with language typescript for C:\Users\81906\Documents\app\console\climb-you-main\climb-you-main
INFO  2025-09-02 14:34:05,214 solidlsp:_start_server:224 - Starting TypeScript server process
INFO  2025-09-02 14:34:05,215 solidlsp.ls_handler:start:189 - Starting language server process via command: ['C:\\Users\\81906\\.serena\\language_servers\\static\\TypeScriptLanguageServer\\ts-lsp\\node_modules\\.bin\\typescript-language-server', '--stdio']
INFO  2025-09-02 14:34:05,245 solidlsp:_start_server:228 - Sending initialize request from LSP client to LSP server and awaiting response
INFO  2025-09-02 14:34:05,673 solidlsp:window_log_message:207 - LSP: window/logMessage: {"type": 3, "message": "Using Typescript version (workspace) 5.8.3 from path "c:\\Users\\81906\\Documents\\app\\console\\climb-you-main\\climb-you-main\\node_modules\\typescript\\lib\\tsserver.js""}
INFO  2025-09-02 14:34:06,679 solidlsp:_start_server:246 - Timeout waiting for TypeScript server to become ready, proceeding anyway
INFO  2025-09-02 14:34:06,680 serena.agent:stop:336 - Language server initialization completed in 2.558 seconds
INFO  2025-09-02 14:34:06,680 serena.agent:stop:336 - Task-1[init_language_server] completed in 2.559 seconds
INFO  2025-09-02 14:34:06,680 serena.agent:start:329 - Task-2[<lambda>] starting ...
INFO  2025-09-02 14:34:08,091 serena.agent:stop:336 - Task-2[<lambda>] completed in 1.411 seconds
INFO  2025-09-02 14:34:08,091 serena.cli:health_check:590 - GetSymbolsOverviewTool returned 2 symbols
INFO  2025-09-02 14:34:08,092 serena.cli:health_check:615 - Using symbol for testing: App (kind: 12)
INFO  2025-09-02 14:34:08,092 serena.cli:health_check:618 - Testing FindSymbolTool for symbol: App
INFO  2025-09-02 14:34:08,092 serena.agent:issue_task:416 - Scheduling Task-3[<lambda>]
INFO  2025-09-02 14:34:08,092 serena.agent:start:329 - Task-3[<lambda>] starting ...
INFO  2025-09-02 14:34:08,126 serena.agent:stop:336 - Task-3[<lambda>] completed in 0.034 seconds
INFO  2025-09-02 14:34:08,127 serena.cli:health_check:623 - FindSymbolTool found 1 matches for symbol App
INFO  2025-09-02 14:34:08,127 serena.cli:health_check:626 - Testing FindReferencingSymbolsTool for symbol: App
INFO  2025-09-02 14:34:08,127 serena.agent:issue_task:416 - Scheduling Task-4[<lambda>]
INFO  2025-09-02 14:34:08,127 serena.agent:start:329 - Task-4[<lambda>] starting ...
INFO  2025-09-02 14:34:09,253 serena.agent:stop:336 - Task-4[<lambda>] completed in 1.126 seconds
INFO  2025-09-02 14:34:09,254 serena.cli:health_check:630 - FindReferencingSymbolsTool found 0 references for symbol App
INFO  2025-09-02 14:34:09,254 serena.cli:health_check:636 - Testing SearchForPatternTool for pattern: App
INFO  2025-09-02 14:34:09,254 serena.agent:issue_task:416 - Scheduling Task-5[<lambda>]
INFO  2025-09-02 14:34:09,255 serena.agent:start:329 - Task-5[<lambda>] starting ...
INFO  2025-09-02 14:34:09,330 serena.text_utils:search_files:326 - Processing 29 files.
INFO  2025-09-02 14:34:09,794 serena.text_utils:search_files:367 - Found 17 total matches across 29 files
INFO  2025-09-02 14:34:09,795 serena.agent:stop:336 - Task-5[<lambda>] completed in 0.540 seconds
INFO  2025-09-02 14:34:09,796 serena.cli:health_check:643 - SearchForPatternTool found 17 pattern matches for App
INFO  2025-09-02 14:34:09,797 serena.cli:health_check:657 - Health check completed successfully
